0 info it worked if it ends with ok
1 verbose cli [ 'node', '/usr/local/bin/npm', 'install', '--g', 'lodash' ]
2 info using npm@2.11.3
3 info using node@v0.12.7
4 verbose install initial load of /usr/local/lib/package.json
5 verbose readDependencies loading dependencies from /usr/local/lib/package.json
6 silly cache add args [ 'lodash', null ]
7 verbose cache add spec lodash
8 silly cache add parsed spec { raw: 'lodash',
8 silly cache add   scope: null,
8 silly cache add   name: 'lodash',
8 silly cache add   rawSpec: '',
8 silly cache add   spec: '*',
8 silly cache add   type: 'range' }
9 silly addNamed lodash@*
10 verbose addNamed "*" is a valid semver range for lodash
11 silly addNameRange { name: 'lodash', range: '*', hasData: false }
12 silly mapToRegistry name lodash
13 silly mapToRegistry using default registry
14 silly mapToRegistry registry https://registry.npmjs.org/
15 silly mapToRegistry uri https://registry.npmjs.org/lodash
16 verbose addNameRange registry:https://registry.npmjs.org/lodash not in flight; fetching
17 verbose request uri https://registry.npmjs.org/lodash
18 verbose request no auth needed
19 info attempt registry request try #1 at 8:19:32 PM
20 verbose request id eea1ef2481e3b17e
21 verbose etag "1S2DNC5QX3XIT7KCLYMHNGX4A"
22 http request GET https://registry.npmjs.org/lodash
23 http 200 https://registry.npmjs.org/lodash
24 silly get cb [ 200,
24 silly get   { server: 'CouchDB/1.5.0 (Erlang OTP/R16B03)',
24 silly get     etag: '"5HI229LXE1RUJ974Z6MGR02UQ"',
24 silly get     'content-type': 'application/json',
24 silly get     'cache-control': 'max-age=300',
24 silly get     'content-length': '107655',
24 silly get     'accept-ranges': 'bytes',
24 silly get     date: 'Fri, 22 Jan 2016 14:49:33 GMT',
24 silly get     via: '1.1 varnish',
24 silly get     age: '299',
24 silly get     connection: 'keep-alive',
24 silly get     'x-served-by': 'cache-sin6921-SIN',
24 silly get     'x-cache': 'HIT',
24 silly get     'x-cache-hits': '16',
24 silly get     'x-timer': 'S1453474173.587093,VS0,VE0',
24 silly get     vary: 'Accept' } ]
25 verbose get saving lodash to /Users/sagarma/.npm/registry.npmjs.org/lodash/.cache.json
26 silly addNameRange number 2 { name: 'lodash', range: '*', hasData: true }
27 silly addNameRange versions [ 'lodash',
27 silly addNameRange   [ '0.1.0',
27 silly addNameRange     '0.2.0',
27 silly addNameRange     '0.2.1',
27 silly addNameRange     '0.2.2',
27 silly addNameRange     '0.3.0',
27 silly addNameRange     '0.3.1',
27 silly addNameRange     '0.3.2',
27 silly addNameRange     '0.4.0',
27 silly addNameRange     '0.4.1',
27 silly addNameRange     '0.4.2',
27 silly addNameRange     '0.5.0-rc.1',
27 silly addNameRange     '0.5.0',
27 silly addNameRange     '0.5.1',
27 silly addNameRange     '0.5.2',
27 silly addNameRange     '0.6.0',
27 silly addNameRange     '0.6.1',
27 silly addNameRange     '0.7.0',
27 silly addNameRange     '0.8.0',
27 silly addNameRange     '0.8.1',
27 silly addNameRange     '0.8.2',
27 silly addNameRange     '0.9.0',
27 silly addNameRange     '0.9.1',
27 silly addNameRange     '0.9.2',
27 silly addNameRange     '0.10.0',
27 silly addNameRange     '1.0.0-rc.1',
27 silly addNameRange     '1.0.0-rc.2',
27 silly addNameRange     '1.0.0-rc.3',
27 silly addNameRange     '1.0.0',
27 silly addNameRange     '1.0.1',
27 silly addNameRange     '1.1.0',
27 silly addNameRange     '1.1.1',
27 silly addNameRange     '1.2.0',
27 silly addNameRange     '1.2.1',
27 silly addNameRange     '1.3.0',
27 silly addNameRange     '1.3.1',
27 silly addNameRange     '2.0.0',
27 silly addNameRange     '2.1.0',
27 silly addNameRange     '2.2.0',
27 silly addNameRange     '2.2.1',
27 silly addNameRange     '2.3.0',
27 silly addNameRange     '2.4.0',
27 silly addNameRange     '2.4.1',
27 silly addNameRange     '3.0.0',
27 silly addNameRange     '3.0.1',
27 silly addNameRange     '3.1.0',
27 silly addNameRange     '3.2.0',
27 silly addNameRange     '3.3.0',
27 silly addNameRange     '3.3.1',
27 silly addNameRange     '3.4.0',
27 silly addNameRange     '3.5.0',
27 silly addNameRange     '3.6.0',
27 silly addNameRange     '1.0.2',
27 silly addNameRange     '3.7.0',
27 silly addNameRange     '2.4.2',
27 silly addNameRange     '3.8.0',
27 silly addNameRange     '3.9.0',
27 silly addNameRange     '3.9.1',
27 silly addNameRange     '3.9.2',
27 silly addNameRange     '3.9.3',
27 silly addNameRange     '3.10.0',
27 silly addNameRange     '3.10.1',
27 silly addNameRange     '4.0.0' ] ]
28 silly addNamed lodash@4.0.0
29 verbose addNamed "4.0.0" is a plain semver version for lodash
30 silly mapToRegistry name lodash
31 silly mapToRegistry using default registry
32 silly mapToRegistry registry https://registry.npmjs.org/
33 silly mapToRegistry uri https://registry.npmjs.org/lodash
34 verbose addRemoteTarball https://registry.npmjs.org/lodash/-/lodash-4.0.0.tgz not in flight; adding
35 verbose addRemoteTarball [ 'https://registry.npmjs.org/lodash/-/lodash-4.0.0.tgz',
35 verbose addRemoteTarball   '9ac43844c595e28d30108b7ba583703395922dfc' ]
36 info retry fetch attempt 1 at 8:19:33 PM
37 info attempt registry request try #1 at 8:19:33 PM
38 http fetch GET https://registry.npmjs.org/lodash/-/lodash-4.0.0.tgz
39 http fetch 200 https://registry.npmjs.org/lodash/-/lodash-4.0.0.tgz
40 silly fetchAndShaCheck shasum 9ac43844c595e28d30108b7ba583703395922dfc
41 verbose addTmpTarball /var/folders/g7/qjfdbqps7017k5dd4749cj7m0000gp/T/npm-3213-4a1cbe8a/registry.npmjs.org/lodash/-/lodash-4.0.0.tgz not in flight; adding
42 verbose addTmpTarball already have metadata; skipping unpack for lodash@4.0.0
43 silly cache afterAdd lodash@4.0.0
44 verbose afterAdd /Users/sagarma/.npm/lodash/4.0.0/package/package.json not in flight; writing
45 verbose afterAdd /Users/sagarma/.npm/lodash/4.0.0/package/package.json written
46 silly install resolved [ { name: 'lodash',
46 silly install resolved     version: '4.0.0',
46 silly install resolved     description: 'Lodash modular utilities.',
46 silly install resolved     homepage: 'https://lodash.com/',
46 silly install resolved     icon: 'https://lodash.com/icon.svg',
46 silly install resolved     license: 'MIT',
46 silly install resolved     main: 'index.js',
46 silly install resolved     keywords: [ 'modules', 'stdlib', 'util' ],
46 silly install resolved     author:
46 silly install resolved      { name: 'John-David Dalton',
46 silly install resolved        email: 'john.david.dalton@gmail.com',
46 silly install resolved        url: 'http://allyoucanleet.com/' },
46 silly install resolved     contributors: [ [Object], [Object], [Object] ],
46 silly install resolved     repository: { type: 'git', url: 'git+https://github.com/lodash/lodash.git' },
46 silly install resolved     scripts: { test: 'echo "See https://travis-ci.org/lodash/lodash-cli for testing details."' },
46 silly install resolved     bugs: { url: 'https://github.com/lodash/lodash/issues' },
46 silly install resolved     _id: 'lodash@4.0.0',
46 silly install resolved     _shasum: '9ac43844c595e28d30108b7ba583703395922dfc',
46 silly install resolved     _from: 'lodash@*',
46 silly install resolved     _npmVersion: '2.14.15',
46 silly install resolved     _nodeVersion: '5.4.0',
46 silly install resolved     _npmUser: { name: 'jdalton', email: 'john.david.dalton@gmail.com' },
46 silly install resolved     dist:
46 silly install resolved      { shasum: '9ac43844c595e28d30108b7ba583703395922dfc',
46 silly install resolved        tarball: 'http://registry.npmjs.org/lodash/-/lodash-4.0.0.tgz' },
46 silly install resolved     maintainers: [ [Object], [Object], [Object] ],
46 silly install resolved     directories: {},
46 silly install resolved     _resolved: 'https://registry.npmjs.org/lodash/-/lodash-4.0.0.tgz' } ]
47 info install lodash@4.0.0 into /usr/local/lib
48 info installOne lodash@4.0.0
49 verbose installOne of lodash to /usr/local/lib not in flight; installing
50 verbose lock using /Users/sagarma/.npm/_locks/lodash-257cc35bffa01eba.lock for /usr/local/lib/node_modules/lodash
51 silly install write writing lodash 4.0.0 to /usr/local/lib/node_modules/lodash
52 verbose unbuild lib/node_modules/lodash
53 silly gentlyRm /usr/local/lib/node_modules/lodash is being purged from base /usr/local
54 verbose gentlyRm don't care about contents; nuking /usr/local/lib/node_modules/lodash
55 verbose tar unpack /Users/sagarma/.npm/lodash/4.0.0/package.tgz
56 verbose tar unpacking to /usr/local/lib/node_modules/lodash
57 silly gentlyRm /usr/local/lib/node_modules/lodash is being purged
58 verbose gentlyRm don't care about contents; nuking /usr/local/lib/node_modules/lodash
59 silly gunzTarPerm modes [ '755', '644' ]
60 error tar.unpack untar error /Users/sagarma/.npm/lodash/4.0.0/package.tgz
61 verbose unlock done using /Users/sagarma/.npm/_locks/lodash-257cc35bffa01eba.lock for /usr/local/lib/node_modules/lodash
62 verbose fstream_path /usr/local/lib/node_modules/lodash
63 verbose fstream_type Directory
64 verbose fstream_class DirWriter
65 verbose stack Error: EACCES, mkdir '/usr/local/lib/node_modules/lodash'
65 verbose stack     at Error (native)
66 verbose fstream_stack /usr/local/lib/node_modules/npm/node_modules/fstream/lib/dir-writer.js:35:25
66 verbose fstream_stack /usr/local/lib/node_modules/npm/node_modules/mkdirp/index.js:47:53
66 verbose fstream_stack FSReqWrap.oncomplete (fs.js:95:15)
67 verbose cwd /Users/sagarma/Desktop/Project/graphs
68 error Darwin 13.4.0
69 error argv "node" "/usr/local/bin/npm" "install" "--g" "lodash"
70 error node v0.12.7
71 error npm  v2.11.3
72 error path /usr/local/lib/node_modules/lodash
73 error code EACCES
74 error errno -13
75 error Error: EACCES, mkdir '/usr/local/lib/node_modules/lodash'
75 error     at Error (native)
75 error  { [Error: EACCES, mkdir '/usr/local/lib/node_modules/lodash']
75 error   errno: -13,
75 error   code: 'EACCES',
75 error   path: '/usr/local/lib/node_modules/lodash',
75 error   fstream_type: 'Directory',
75 error   fstream_path: '/usr/local/lib/node_modules/lodash',
75 error   fstream_class: 'DirWriter',
75 error   fstream_stack:
75 error    [ '/usr/local/lib/node_modules/npm/node_modules/fstream/lib/dir-writer.js:35:25',
75 error      '/usr/local/lib/node_modules/npm/node_modules/mkdirp/index.js:47:53',
75 error      'FSReqWrap.oncomplete (fs.js:95:15)' ] }
76 error Please try running this command again as root/Administrator.
77 verbose exit [ -13, true ]
78 verbose unbuild lib/node_modules/lodash
79 silly gentlyRm /usr/local/lib/node_modules/lodash is being purged from base /usr/local
80 verbose gentlyRm don't care about contents; nuking /usr/local/lib/node_modules/lodash
